8.000000000000000167e-02 8.000000000000000167e-02 8.000000000000000167e-02 8.000000000000000167e-02 8.000000000000000167e-02 8.000000000000000167e-02 8.000000000000000167e-02 8.000000000000000167e-02 8.000000000000000167e-02 8.000000000000000167e-02
9.999999999999995004e-03 9.999999999999995004e-03 9.999999999999995004e-03 4.903461872503685370e+00 9.999999999999995004e-03 9.999999999999995004e-03 9.999999999999995004e-03 9.999999999999995004e-03 9.999999999999995004e-03 9.999999999999995004e-03
3.022152815505492640e+00 1.000000000000000194e-02 1.896839305011857713e+00 1.000000000000000888e-02 1.000000000000000194e-02 1.000000000000000194e-02 1.000000000000000194e-02 1.000000000000000194e-02 1.000000000000000194e-02 1.000000000000000194e-02
1.313734337221069914e+00 1.000000000000000194e-02 1.000000000000000888e-02 1.009401680435639825e-02 1.000000000000000194e-02 3.605703207860163406e+00 1.000000000000000194e-02 1.000000000000000194e-02 1.000000000000000194e-02 1.000000000000000194e-02
1.000000000000000888e-02 1.000058816540265461e-02 1.000059048528184613e-02 1.000005642553813967e-02 1.000033427758607874e-02 1.000000000000000888e-02 8.015116568837665767e-01 4.118491607006539823e+00 1.000072346509738724e-02 1.000011332074732945e-02
1.000000000000000888e-02 3.816576218438499257e+00 1.000010169104242896e-02 1.000000000000000888e-02 1.000008552957275948e-02 4.571551112300707986e-01 6.562688246107769574e-01 1.000000000000000888e-02 1.000003521030661674e-02 1.000001692724917374e-02
1.000001165056474406e-02 1.000000270254147727e-02 1.686768001937322570e+00 9.200255004556314731e-01 1.887456466904301688e+00 1.000000000000000888e-02 1.000001510907694291e-02 4.457500680009250926e-01 1.000001043016190971e-02 1.000000529220390622e-02
1.408067669713540582e+00 1.000000021597136080e-02 9.827520994942525734e-01 1.488368485764341109e+00 1.000000168256470756e-02 3.743147573057409860e-01 6.964969796050022310e-01 1.000000266717815389e-02 1.000000000000000194e-02 1.000000000000000194e-02
1.000096606264810895e-02 1.000000000000000021e-02 2.534518511451848255e+00 3.183523815478586094e-01 9.304133811225134831e-01 1.000000000000000888e-02 6.717462349433689361e-01 3.780709823430617456e-01 1.269000549479465112e-01 1.000028090943426082e-02
1.729694530176556944e+00 8.081884867116628790e-01 1.000000049699556470e-02 5.509151841676318551e-01 1.303596488168025536e+00 1.000000000000000888e-02 5.539158598819926560e-01 1.368945023580147441e-02 1.000000000000000021e-02 1.000000031237873073e-02
6.552610514393771846e-01 9.641387246663224442e-01 1.000001085820645397e-02 2.026796202054210738e+00 4.048119130832816825e-02 8.500268663617153164e-01 1.000000000000000888e-02 1.000000478904210580e-02 1.000000008969579614e-02 4.232959333107346733e-01
1.000000000000000888e-02 1.000000008488721726e-02 2.926718484182165625e+00 1.565119742321829932e-02 1.091818895929947741e+00 4.630748215425255498e-01 1.000000000000000888e-02 4.090954737978829137e-01 5.364112739233693056e-02 1.000000000183673410e-02
1.000000000000000888e-02 1.521000439236115165e+00 1.000000000000000888e-02 1.756105601170931729e+00 6.805981829036575892e-01 1.017868555880857007e-01 7.925926101375622146e-01 1.000002617997260146e-02 1.079163290605225367e-01 1.000000704466415258e-02
5.715582436068891159e-01 5.140763195459611135e-01 1.810007755373367555e+00 1.000000518853649822e-02 1.219808297805806241e+00 4.276348423019016298e-01 1.000000000000000888e-02 4.014103243062170367e-01 2.550405640986721720e-02 1.000001140465764382e-02
4.259636886260205202e-01 7.343256612275483874e-01 1.112051365673241587e+00 9.187127273380308878e-01 8.669085556345489385e-01 1.774039559452023074e-01 6.260794737770671858e-01 1.000001436750710959e-02 1.185544556518546983e-01 1.000000584749028559e-02
4.127661011194206364e-01 1.258621076309185405e+00 1.034330682359696496e-02 1.943753706053196417e+00 2.189945206977538250e-01 7.429554742922864774e-01 1.000021856946597953e-02 3.660005560775666522e-01 2.656569811399048936e-02 1.000000000000000194e-02
6.469789962927549043e-01 7.528382001141054047e-01 8.813729933286347240e-01 9.925691143099729663e-01 7.472686620636493915e-01 2.940560069174537050e-01 4.989552691179122701e-01 8.238274783145112246e-02 9.357731299174124051e-02 1.000005479230154162e-02
6.964901023906127087e-01 6.792896476050297450e-01 9.626610964073014642e-01 9.600149592642909235e-01 7.179716328680704196e-01 3.598657495038475318e-01 4.042463443715884619e-01 1.272332938482145237e-01 8.222733435174442440e-02 1.000000000000000021e-02
7.101101857379679139e-01 7.160491944704630018e-01 9.442458952187247068e-01 8.659492836131518212e-01 6.784251766135473982e-01 4.501407853942637760e-01 3.465992994413077954e-01 2.588206839753983690e-01 9.999999999999995004e-03 1.965927233378804428e-02
6.108897424125224740e-01 6.289486602375026214e-01 1.123301047818610066e+00 7.776352671914361636e-01 6.798833204478537118e-01 4.119817552222194146e-01 5.951031076224317928e-01 1.000002724310708468e-02 1.032297549610763920e-01 5.902776987548286058e-02
6.599350297316421976e-01 6.932616484310967220e-01 9.498715203831529230e-01 9.668425933883320056e-01 6.169314142873545403e-01 4.778846385892900339e-01 3.788177652090596870e-01 1.875884746871695763e-01 4.199825104492826977e-02 2.686829257651681541e-02
6.731806571438295750e-01 6.866710257835577647e-01 9.436578921715064183e-01 9.669940738319490192e-01 6.224439036642883671e-01 4.772084508132801162e-01 3.844903604212127068e-01 1.774950816169095225e-01 4.611400462044175363e-02 2.174350127603622701e-02
6.742351198696123760e-01 6.744489023513752235e-01 9.528417479310048455e-01 9.435184864355662393e-01 6.460376562071098450e-01 4.830581395835933378e-01 4.118803923438870140e-01 1.489318311177628418e-01 5.504780472629931115e-02 1.000000199446794864e-02
6.794181587423545610e-01 6.632041809573661073e-01 9.657722428993920083e-01 9.236499783231284511e-01 6.424681464565911160e-01 4.935645634623903044e-01 4.187936199402892412e-01 1.402794887600292140e-01 5.433036103000832978e-02 1.851957635732287555e-02
6.715413258618634362e-01 6.698024269179465584e-01 9.556081083535223897e-01 9.354175785666623000e-01 6.404268015406306969e-01 5.038216636063964637e-01 4.072070948313740724e-01 1.482921137076223250e-01 5.027901792596489727e-02 1.760393527831631555e-02
6.690134720721070405e-01 6.694615763781359696e-01 9.466304587482378130e-01 9.414035401638627398e-01 6.455866138233168350e-01 5.177004458322932434e-01 3.970462916336475745e-01 1.509938557879037246e-01 4.615463287053277880e-02 1.600900763841714772e-02
6.694272097093052487e-01 6.691172837304051324e-01 9.458092591364973822e-01 9.404106473331280691e-01 6.490852795141488496e-01 5.152629375932699096e-01 3.984796699209579018e-01 1.505427594080120390e-01 4.553087526939156304e-02 1.633374514720966827e-02
6.708408226192382751e-01 6.655605372479328485e-01 9.479568371640235691e-01 9.384812448981926236e-01 6.543118974765694817e-01 5.118551966899996808e-01 3.992088293891902784e-01 1.503067594519016115e-01 4.458429194444837179e-02 1.689308284859345616e-02
6.706404577832385527e-01 6.655041053406457463e-01 9.476135820087493444e-01 9.387065775180061244e-01 6.545434223846526844e-01 5.115319074737695315e-01 3.995947726586228099e-01 1.504225213588994692e-01 4.450555195836803507e-02 1.693701628145478227e-02
6.705167413950982036e-01 6.643697328334771113e-01 9.473462367395717454e-01 9.390732522960067996e-01 6.550171215068700814e-01 5.112472339717878400e-01 4.001240268345316320e-01 1.507904782194710303e-01 4.451594571616273449e-02 1.699892712238803075e-02
6.706436964506595766e-01 6.634588291743964694e-01 9.473520675803388524e-01 9.389916654960150932e-01 6.552803570678078504e-01 5.115022681715848396e-01 4.000699040434956832e-01 1.510503019368829303e-01 4.469175321169257392e-02 1.695924868634798161e-02
6.708023687862244566e-01 6.631283002877066401e-01 9.474685194848907477e-01 9.387370160770189820e-01 6.554081905823273546e-01 5.117517670037937672e-01 3.998489913125917727e-01 1.510999559218588473e-01 4.485369371150291218e-02 1.690172012738707860e-02
6.708432569305750048e-01 6.631402233158538717e-01 9.475172695314136861e-01 9.386367610913796122e-01 6.554439257163486854e-01 5.117876364777529385e-01 3.997784775174780258e-01 1.510749160004623837e-01 4.489321997275507597e-02 1.688430924522104151e-02
6.758061787296093526e-01 6.696106928167793182e-01 9.519260891394588642e-01 9.406097804860339417e-01 6.574512477669933741e-01 5.105832177870908151e-01 3.964831846807813087e-01 1.459014737564333364e-01 4.162810561317652897e-02 1.000000000000000021e-02
