 Major      Obj      Opt     Time  f_evals  g_evals     Step
     0 2.50E-03 2.00E-02 6.13E-05        1        1 0.00E+00
     1 2.12E-03 1.77E-02 5.64E-04        2        2 1.00E+00
     2 4.54E-04 5.57E-03 8.54E-04        3        3 1.00E+00
     3 1.72E-04 2.68E-03 1.21E-03        4        4 1.00E+00
     4 5.26E-05 1.10E-03 1.51E-03        5        5 1.00E+00
     5 1.75E-05 4.83E-04 1.75E-03        6        6 1.00E+00
     6 5.62E-06 2.06E-04 2.02E-03        7        7 1.00E+00
     7 1.83E-06 8.90E-05 2.33E-03        8        8 1.00E+00
     8 5.94E-07 3.83E-05 2.61E-03        9        9 1.00E+00
     9 1.93E-07 1.65E-05 2.91E-03       10       10 1.00E+00
    10 6.26E-08 7.08E-06 3.16E-03       11       11 1.00E+00
    11 2.03E-08 3.05E-06 3.66E-03       12       12 1.00E+00
    12 6.60E-09 1.31E-06 3.94E-03       13       13 1.00E+00
    13 2.14E-09 5.64E-07 4.16E-03       14       14 1.00E+00
    14 6.96E-10 2.42E-07 4.44E-03       15       15 1.00E+00
    15 2.26E-10 1.04E-07 4.73E-03       16       16 1.00E+00
    16 7.34E-11 4.49E-08 4.97E-03       17       17 1.00E+00
    17 2.38E-11 1.93E-08 5.26E-03       18       18 1.00E+00
    18 7.74E-12 8.30E-09 5.55E-03       19       19 1.00E+00